<?xml version="1.0" encoding="UTF-8"?>
<testng-results total="4" passed="4" failed="0" skipped="0">
  <reporter-output>
  </reporter-output>
  <suite started-at="2018-04-02T22:07:42Z" name="Suite" finished-at="2018-04-02T22:08:35Z" duration-ms="52386">
    <groups>
    </groups>
    <test started-at="2018-04-02T22:07:42Z" name="Safaribroswer" finished-at="2018-04-02T22:08:05Z" duration-ms="22342">
      <class name="com.ProjectSpecificLibrary.MultiBrowser">
        <test-method is-config="true" signature="beforeTest(java.lang.String)[pri:0, instance:com.ProjectSpecificLibrary.MultiBrowser@489115ef]" started-at="2018-04-02T15:07:42Z" name="beforeTest" finished-at="2018-04-02T15:07:58Z" duration-ms="15965" status="PASS">
          <params>
            <param index="0">
              <value>
                <![CDATA[Safari]]>
              </value>
            </param>
          </params>
          <reporter-output>
          </reporter-output>
        </test-method> <!-- beforeTest -->
        <test-method signature="search()[pri:0, instance:com.ProjectSpecificLibrary.MultiBrowser@489115ef]" started-at="2018-04-02T15:07:58Z" name="search" finished-at="2018-04-02T15:08:04Z" duration-ms="5931" status="PASS">
          <reporter-output>
          </reporter-output>
        </test-method> <!-- search -->
        <test-method signature="mouseOver()[pri:0, instance:com.ProjectSpecificLibrary.MultiBrowser@489115ef]" started-at="2018-04-02T15:08:04Z" name="mouseOver" finished-at="2018-04-02T15:08:05Z" duration-ms="376" status="PASS">
          <reporter-output>
          </reporter-output>
        </test-method> <!-- mouseOver -->
        <test-method is-config="true" signature="closeBrowser()[pri:0, instance:com.ProjectSpecificLibrary.MultiBrowser@489115ef]" started-at="2018-04-02T15:08:05Z" name="closeBrowser" finished-at="2018-04-02T15:08:05Z" duration-ms="0" status="PASS">
          <reporter-output>
          </reporter-output>
        </test-method> <!-- closeBrowser -->
      </class> <!-- com.ProjectSpecificLibrary.MultiBrowser -->
    </test> <!-- Safaribroswer -->
    <test started-at="2018-04-02T22:08:05Z" name="Chromebroswer" finished-at="2018-04-02T22:08:35Z" duration-ms="29683">
      <class name="com.ProjectSpecificLibrary.MultiBrowser">
        <test-method is-config="true" signature="beforeTest(java.lang.String)[pri:0, instance:com.ProjectSpecificLibrary.MultiBrowser@23348b5d]" started-at="2018-04-02T15:08:05Z" name="beforeTest" finished-at="2018-04-02T15:08:21Z" duration-ms="15809" status="PASS">
          <params>
            <param index="0">
              <value>
                <![CDATA[Chrome]]>
              </value>
            </param>
          </params>
          <reporter-output>
          </reporter-output>
        </test-method> <!-- beforeTest -->
        <test-method signature="search()[pri:0, instance:com.ProjectSpecificLibrary.MultiBrowser@23348b5d]" started-at="2018-04-02T15:08:21Z" name="search" finished-at="2018-04-02T15:08:27Z" duration-ms="6306" status="PASS">
          <reporter-output>
          </reporter-output>
        </test-method> <!-- search -->
        <test-method signature="mouseOver()[pri:0, instance:com.ProjectSpecificLibrary.MultiBrowser@23348b5d]" started-at="2018-04-02T15:08:27Z" name="mouseOver" finished-at="2018-04-02T15:08:35Z" duration-ms="7555" status="PASS">
          <reporter-output>
          </reporter-output>
        </test-method> <!-- mouseOver -->
        <test-method is-config="true" signature="closeBrowser()[pri:0, instance:com.ProjectSpecificLibrary.MultiBrowser@23348b5d]" started-at="2018-04-02T15:08:35Z" name="closeBrowser" finished-at="2018-04-02T15:08:35Z" duration-ms="1" status="PASS">
          <reporter-output>
          </reporter-output>
        </test-method> <!-- closeBrowser -->
      </class> <!-- com.ProjectSpecificLibrary.MultiBrowser -->
    </test> <!-- Chromebroswer -->
  </suite> <!-- Suite -->
</testng-results>
