<?xml version="1.0" encoding="UTF-8"?>
<!-- Generated by org.testng.reporters.JUnitXMLReporter -->
<testsuite hostname="Nikhileshs-MacBook.local" failures="0" tests="2" name="Default test" time="0.215" errors="0" timestamp="2 Apr 2018 19:05:58 GMT">
  <testcase classname="com.ProjectSpecificLibrary.MultiBrowser" name="@BeforeClass beforeTest" time="0.0">
    <failure type="org.testng.TestNGException" message="
Parameter &amp;apos;browser&amp;apos; is required by @Configuration on method beforeTest but has not been marked @Optional or defined
in /private/var/folders/0r/725ws35n1fdbkf4365ty5gfw0000gn/T/testng-eclipse--1292414540/testng-customsuite.xml">
      <![CDATA[org.testng.TestNGException: 
Parameter 'browser' is required by @Configuration on method beforeTest but has not been marked @Optional or defined
in /private/var/folders/0r/725ws35n1fdbkf4365ty5gfw0000gn/T/testng-eclipse--1292414540/testng-customsuite.xml
	at org.testng.internal.Parameters.createParameters(Parameters.java:148)
	at org.testng.internal.Parameters.createParameters(Parameters.java:361)
	at org.testng.internal.Parameters.createConfigurationParameters(Parameters.java:84)
	at org.testng.internal.Invoker.invokeConfigurations(Invoker.java:197)
	at org.testng.internal.Invoker.invokeConfigurations(Invoker.java:138)
	at org.testng.internal.TestMethodWorker.invokeBeforeClassMethods(TestMethodWorker.java:170)
	at org.testng.internal.TestMethodWorker.run(TestMethodWorker.java:104)
	at org.testng.TestRunner.privateRun(TestRunner.java:773)
	at org.testng.TestRunner.run(TestRunner.java:623)
	at org.testng.SuiteRunner.runTest(SuiteRunner.java:357)
	at org.testng.SuiteRunner.runSequentially(SuiteRunner.java:352)
	at org.testng.SuiteRunner.privateRun(SuiteRunner.java:310)
	at org.testng.SuiteRunner.run(SuiteRunner.java:259)
	at org.testng.SuiteRunnerWorker.runSuite(SuiteRunnerWorker.java:52)
	at org.testng.SuiteRunnerWorker.run(SuiteRunnerWorker.java:86)
	at org.testng.TestNG.runSuitesSequentially(TestNG.java:1185)
	at org.testng.TestNG.runSuitesLocally(TestNG.java:1110)
	at org.testng.TestNG.run(TestNG.java:1018)
	at org.testng.remote.AbstractRemoteTestNG.run(AbstractRemoteTestNG.java:114)
	at org.testng.remote.RemoteTestNG.initAndRun(RemoteTestNG.java:251)
	at org.testng.remote.RemoteTestNG.main(RemoteTestNG.java:77)
]]>
    </failure>
  </testcase> <!-- @BeforeClass beforeTest -->
  <testcase classname="com.ProjectSpecificLibrary.MultiBrowser" name="@AfterTest closeBrowser" time="0.0">
    <skipped/>
  </testcase> <!-- @AfterTest closeBrowser -->
  <testcase classname="com.ProjectSpecificLibrary.MultiBrowser" name="search" time="0.016">
    <skipped/>
  </testcase> <!-- search -->
  <testcase classname="com.ProjectSpecificLibrary.MultiBrowser" name="addToCart" time="0.012">
    <skipped/>
  </testcase> <!-- addToCart -->
</testsuite> <!-- Default test -->
